<?xml version="1.0" encoding="UTF-8"?>
<testng-results ignored="0" total="2" passed="2" failed="0" skipped="0">
  <reporter-output>
  </reporter-output>
  <suite started-at="2023-03-01T14:34:08 EET" name="All Test Suite" finished-at="2023-03-01T14:34:11 EET" duration-ms="3392">
    <groups>
    </groups>
    <test started-at="2023-03-01T14:34:08 EET" name="getUsers Timing,Status Code and Body" finished-at="2023-03-01T14:34:11 EET" duration-ms="3392">
      <class name="Tests.UserServiceTests">
        <test-method signature="getUsersResponseTime(java.lang.String)[pri:0, instance:Tests.UserServiceTests@3b938003]" started-at="2023-03-01T14:34:08 EET" name="getUsersResponseTime" finished-at="2023-03-01T14:34:11 EET" duration-ms="3323" status="PASS">
          <params>
            <param index="0">
              <value>
                <![CDATA[1]]>
              </value>
            </param>
          </params>
          <reporter-output>
          </reporter-output>
        </test-method> <!-- getUsersResponseTime -->
        <test-method signature="getUser(java.lang.String)[pri:0, instance:Tests.UserServiceTests@3b938003]" started-at="2023-03-01T14:34:11 EET" name="getUser" finished-at="2023-03-01T14:34:11 EET" duration-ms="0" status="PASS">
          <params>
            <param index="0">
              <value>
                <![CDATA[5]]>
              </value>
            </param>
          </params>
          <reporter-output>
          </reporter-output>
        </test-method> <!-- getUser -->
      </class> <!-- Tests.UserServiceTests -->
    </test> <!-- getUsers Timing,Status Code and Body -->
  </suite> <!-- All Test Suite -->
</testng-results>
