<?xml version="1.0" encoding="UTF-8"?>
<!-- Generated by org.testng.reporters.JUnitXMLReporter -->
<testsuite ignored="0" hostname="Bkaratepe.invio.com" failures="0" tests="2" name="getUsers Timing,Status Code and Body" time="3.392" errors="0" timestamp="2023-03-01T14:34:11 EET">
  <testcase classname="Tests.UserServiceTests" name="getUsersResponseTime" time="3.323"/>
  <testcase classname="Tests.UserServiceTests" name="getUser" time="0.0"/>
</testsuite> <!-- getUsers Timing,Status Code and Body -->
